<?xml version="1.0" encoding="UTF-8"?>
<robot generator="Robot 5.0.1 (Python 3.10.6 on win32)" generated="20220809 16:55:23.666" rpa="false" schemaversion="3">
<suite id="s1" name="Google" source="D:\google_search\TestSuites\Google.robot">
<test id="s1-t1" name="Search_1_1_001" line="8">
<kw name="Open Web Browser Google Web" library="keywordgoogle">
<kw name="Open Browser" library="Browser">
<arg>${google_url}</arg>
<arg>${browser}</arg>
<tag>BrowserControl</tag>
<tag>Setter</tag>
<doc>Opens a new browser instance. Use this keyword for quick experiments or debugging sessions.
Use `New Page` directly instead of `Open Browser` for production and automated execution.
See `Browser, Context and Page` for more information about Browser and related concepts.</doc>
<msg timestamp="20220809 16:55:25.012" level="WARN">Open Browser is for quick experimentation and debugging only. Use New Page for production.</msg>
<msg timestamp="20220809 16:55:25.014" level="INFO">{"browser": "chromium", "headless": false, "handleSIGINT": true, "handleSIGTERM": true, "handleSIGHUP": true, "timeout": 30000.0, "devtools": false, "slowMo": 0.0, "tracesDir": "D:\\google_search\\TestSuites\\Results\\browser\\traces\\5014c859-f91d-4b9f-acf0-26f04c3ab4db"}</msg>
<msg timestamp="20220809 16:55:25.660" level="INFO">Successfully created browser with options: {"browser":"chromium","headless":false,"handleSIGINT":true,"handleSIGTERM":true,"handleSIGHUP":true,"timeout":30000,"devtools":false,"slowMo":0,"tracesDir":"D:\\google_search\\TestSuites\\Results\\browser\\traces\\5014c859-f91d-4b9f-acf0-26f04c3ab4db"}</msg>
<msg timestamp="20220809 16:55:25.660" level="INFO">{"acceptDownloads": true, "ignoreHTTPSErrors": false, "bypassCSP": true, "deviceScaleFactor": 1.0, "isMobile": false, "hasTouch": false, "javaScriptEnabled": true, "offline": false, "hideRfBrowser": false, "reducedMotion": "no-preference", "forcedColors": "none"}</msg>
<msg timestamp="20220809 16:55:25.689" level="INFO">Successfully created context. </msg>
<msg timestamp="20220809 16:55:25.689" level="INFO">{'acceptDownloads': True, 'ignoreHTTPSErrors': False, 'bypassCSP': True, 'deviceScaleFactor': 1, 'isMobile': False, 'hasTouch': False, 'javaScriptEnabled': True, 'offline': False, 'hideRfBrowser': False, 'reducedMotion': 'no-preference', 'forcedColors': 'none'}</msg>
<msg timestamp="20220809 16:55:27.266" level="INFO">Successfully initialized new page object and opened url: https://www.google.com/</msg>
<status status="PASS" starttime="20220809 16:55:25.011" endtime="20220809 16:55:27.266"/>
</kw>
<status status="PASS" starttime="20220809 16:55:25.011" endtime="20220809 16:55:27.266"/>
</kw>
<kw name="Input Search Keywords" library="keywordgoogle">
<arg>${search_text_1}</arg>
<kw name="Fill Text" library="Browser">
<arg>${input_search_path}</arg>
<arg>${search_text}</arg>
<tag>PageContent</tag>
<tag>Setter</tag>
<doc>Clears and fills the given ``txt`` into the text field found by ``selector``.</doc>
<msg timestamp="20220809 16:55:27.269" level="INFO">Fills the text 'Robot Framework' in the given field.</msg>
<status status="PASS" starttime="20220809 16:55:27.268" endtime="20220809 16:55:27.342"/>
</kw>
<status status="PASS" starttime="20220809 16:55:27.267" endtime="20220809 16:55:27.342"/>
</kw>
<kw name="Click Google Search Button" library="keywordgoogle">
<kw name="Click" library="Browser">
<arg>${click_search_button_path}</arg>
<tag>PageContent</tag>
<tag>Setter</tag>
<doc>Simulates mouse click on the element found by ``selector``.</doc>
<status status="PASS" starttime="20220809 16:55:27.343" endtime="20220809 16:55:27.656"/>
</kw>
<status status="PASS" starttime="20220809 16:55:27.343" endtime="20220809 16:55:27.657"/>
</kw>
<kw name="Verify Search Success" library="keywordgoogle">
<arg>${verify_text_1}</arg>
<arg>1</arg>
<kw name="Get Text" library="Browser">
<var>${text}</var>
<arg>xpath=(//*[@class='yuRUbf'])[${link_number}]/a/h3</arg>
<tag>Assertion</tag>
<tag>Getter</tag>
<tag>PageContent</tag>
<doc>Returns text attribute of the element found by ``selector``.</doc>
<msg timestamp="20220809 16:55:28.228" level="INFO">${text} = Robot Framework</msg>
<status status="PASS" starttime="20220809 16:55:27.658" endtime="20220809 16:55:28.228"/>
</kw>
<kw name="Should Contain" library="BuiltIn">
<arg>${text}</arg>
<arg>${Verify_text}</arg>
<doc>Fails if ``container`` does not contain ``item`` one or more times.</doc>
<status status="PASS" starttime="20220809 16:55:28.228" endtime="20220809 16:55:28.228"/>
</kw>
<status status="PASS" starttime="20220809 16:55:27.657" endtime="20220809 16:55:28.228"/>
</kw>
<tag>On_hold</tag>
<tag>Search</tag>
<status status="PASS" starttime="20220809 16:55:25.007" endtime="20220809 16:55:28.229"/>
</test>
<test id="s1-t2" name="Search_1_1_002" line="15">
<kw name="Open Web Browser Google Web" library="keywordgoogle">
<kw name="Open Browser" library="Browser">
<arg>${google_url}</arg>
<arg>${browser}</arg>
<tag>BrowserControl</tag>
<tag>Setter</tag>
<doc>Opens a new browser instance. Use this keyword for quick experiments or debugging sessions.
Use `New Page` directly instead of `Open Browser` for production and automated execution.
See `Browser, Context and Page` for more information about Browser and related concepts.</doc>
<msg timestamp="20220809 16:55:28.343" level="WARN">Open Browser is for quick experimentation and debugging only. Use New Page for production.</msg>
<msg timestamp="20220809 16:55:28.346" level="INFO">{"browser": "chromium", "headless": false, "handleSIGINT": true, "handleSIGTERM": true, "handleSIGHUP": true, "timeout": 30000.0, "devtools": false, "slowMo": 0.0, "tracesDir": "D:\\google_search\\TestSuites\\Results\\browser\\traces\\c2764888-32ca-4325-a77b-7ac5ead18518"}</msg>
<msg timestamp="20220809 16:55:29.091" level="INFO">Successfully created browser with options: {"browser":"chromium","headless":false,"handleSIGINT":true,"handleSIGTERM":true,"handleSIGHUP":true,"timeout":30000,"devtools":false,"slowMo":0,"tracesDir":"D:\\google_search\\TestSuites\\Results\\browser\\traces\\c2764888-32ca-4325-a77b-7ac5ead18518"}</msg>
<msg timestamp="20220809 16:55:29.092" level="INFO">{"acceptDownloads": true, "ignoreHTTPSErrors": false, "bypassCSP": true, "deviceScaleFactor": 1.0, "isMobile": false, "hasTouch": false, "javaScriptEnabled": true, "offline": false, "hideRfBrowser": false, "reducedMotion": "no-preference", "forcedColors": "none"}</msg>
<msg timestamp="20220809 16:55:29.107" level="INFO">Successfully created context. </msg>
<msg timestamp="20220809 16:55:29.107" level="INFO">{'acceptDownloads': True, 'ignoreHTTPSErrors': False, 'bypassCSP': True, 'deviceScaleFactor': 1, 'isMobile': False, 'hasTouch': False, 'javaScriptEnabled': True, 'offline': False, 'hideRfBrowser': False, 'reducedMotion': 'no-preference', 'forcedColors': 'none'}</msg>
<msg timestamp="20220809 16:55:30.697" level="INFO">Successfully initialized new page object and opened url: https://www.google.com/</msg>
<status status="PASS" starttime="20220809 16:55:28.342" endtime="20220809 16:55:30.697"/>
</kw>
<status status="PASS" starttime="20220809 16:55:28.341" endtime="20220809 16:55:30.698"/>
</kw>
<kw name="Input Search Keywords" library="keywordgoogle">
<arg>${search_text_2}</arg>
<kw name="Fill Text" library="Browser">
<arg>${input_search_path}</arg>
<arg>${search_text}</arg>
<tag>PageContent</tag>
<tag>Setter</tag>
<doc>Clears and fills the given ``txt`` into the text field found by ``selector``.</doc>
<msg timestamp="20220809 16:55:30.700" level="INFO">Fills the text 'แจ็กสัน หวัง' in the given field.</msg>
<status status="PASS" starttime="20220809 16:55:30.699" endtime="20220809 16:55:30.759"/>
</kw>
<status status="PASS" starttime="20220809 16:55:30.698" endtime="20220809 16:55:30.759"/>
</kw>
<kw name="Click Google Search Button" library="keywordgoogle">
<kw name="Click" library="Browser">
<arg>${click_search_button_path}</arg>
<tag>PageContent</tag>
<tag>Setter</tag>
<doc>Simulates mouse click on the element found by ``selector``.</doc>
<status status="PASS" starttime="20220809 16:55:30.793" endtime="20220809 16:55:31.111"/>
</kw>
<status status="PASS" starttime="20220809 16:55:30.792" endtime="20220809 16:55:31.111"/>
</kw>
<kw name="Verify Search Success" library="keywordgoogle">
<arg>${verify_text_2}</arg>
<arg>1</arg>
<kw name="Get Text" library="Browser">
<var>${text}</var>
<arg>xpath=(//*[@class='yuRUbf'])[${link_number}]/a/h3</arg>
<tag>Assertion</tag>
<tag>Getter</tag>
<tag>PageContent</tag>
<doc>Returns text attribute of the element found by ``selector``.</doc>
<msg timestamp="20220809 16:55:31.718" level="INFO">${text} = แจ็กสัน หวัง - วิกิพีเดีย</msg>
<status status="PASS" starttime="20220809 16:55:31.113" endtime="20220809 16:55:31.719"/>
</kw>
<kw name="Should Contain" library="BuiltIn">
<arg>${text}</arg>
<arg>${Verify_text}</arg>
<doc>Fails if ``container`` does not contain ``item`` one or more times.</doc>
<status status="PASS" starttime="20220809 16:55:31.719" endtime="20220809 16:55:31.719"/>
</kw>
<status status="PASS" starttime="20220809 16:55:31.112" endtime="20220809 16:55:31.719"/>
</kw>
<tag>Search</tag>
<tag>Web</tag>
<status status="PASS" starttime="20220809 16:55:28.335" endtime="20220809 16:55:31.720"/>
</test>
<test id="s1-t3" name="Search_1_1_003" line="22">
<kw name="Open Web Browser Google Web" library="keywordgoogle">
<kw name="Open Browser" library="Browser">
<arg>${google_url}</arg>
<arg>${browser}</arg>
<tag>BrowserControl</tag>
<tag>Setter</tag>
<doc>Opens a new browser instance. Use this keyword for quick experiments or debugging sessions.
Use `New Page` directly instead of `Open Browser` for production and automated execution.
See `Browser, Context and Page` for more information about Browser and related concepts.</doc>
<msg timestamp="20220809 16:55:31.808" level="WARN">Open Browser is for quick experimentation and debugging only. Use New Page for production.</msg>
<msg timestamp="20220809 16:55:31.811" level="INFO">{"browser": "chromium", "headless": false, "handleSIGINT": true, "handleSIGTERM": true, "handleSIGHUP": true, "timeout": 30000.0, "devtools": false, "slowMo": 0.0, "tracesDir": "D:\\google_search\\TestSuites\\Results\\browser\\traces\\2a4bf510-6717-4fcb-b1f3-ad35ff477b46"}</msg>
<msg timestamp="20220809 16:55:32.544" level="INFO">Successfully created browser with options: {"browser":"chromium","headless":false,"handleSIGINT":true,"handleSIGTERM":true,"handleSIGHUP":true,"timeout":30000,"devtools":false,"slowMo":0,"tracesDir":"D:\\google_search\\TestSuites\\Results\\browser\\traces\\2a4bf510-6717-4fcb-b1f3-ad35ff477b46"}</msg>
<msg timestamp="20220809 16:55:32.545" level="INFO">{"acceptDownloads": true, "ignoreHTTPSErrors": false, "bypassCSP": true, "deviceScaleFactor": 1.0, "isMobile": false, "hasTouch": false, "javaScriptEnabled": true, "offline": false, "hideRfBrowser": false, "reducedMotion": "no-preference", "forcedColors": "none"}</msg>
<msg timestamp="20220809 16:55:32.565" level="INFO">Successfully created context. </msg>
<msg timestamp="20220809 16:55:32.566" level="INFO">{'acceptDownloads': True, 'ignoreHTTPSErrors': False, 'bypassCSP': True, 'deviceScaleFactor': 1, 'isMobile': False, 'hasTouch': False, 'javaScriptEnabled': True, 'offline': False, 'hideRfBrowser': False, 'reducedMotion': 'no-preference', 'forcedColors': 'none'}</msg>
<msg timestamp="20220809 16:55:34.260" level="INFO">Successfully initialized new page object and opened url: https://www.google.com/</msg>
<status status="PASS" starttime="20220809 16:55:31.807" endtime="20220809 16:55:34.260"/>
</kw>
<status status="PASS" starttime="20220809 16:55:31.807" endtime="20220809 16:55:34.261"/>
</kw>
<kw name="Input Search Keywords" library="keywordgoogle">
<arg>${search_text_1}</arg>
<kw name="Fill Text" library="Browser">
<arg>${input_search_path}</arg>
<arg>${search_text}</arg>
<tag>PageContent</tag>
<tag>Setter</tag>
<doc>Clears and fills the given ``txt`` into the text field found by ``selector``.</doc>
<msg timestamp="20220809 16:55:34.263" level="INFO">Fills the text 'Robot Framework' in the given field.</msg>
<status status="PASS" starttime="20220809 16:55:34.262" endtime="20220809 16:55:34.325"/>
</kw>
<status status="PASS" starttime="20220809 16:55:34.261" endtime="20220809 16:55:34.326"/>
</kw>
<kw name="Click Google Search Button" library="keywordgoogle">
<kw name="Click" library="Browser">
<arg>${click_search_button_path}</arg>
<tag>PageContent</tag>
<tag>Setter</tag>
<doc>Simulates mouse click on the element found by ``selector``.</doc>
<status status="PASS" starttime="20220809 16:55:34.327" endtime="20220809 16:55:34.713"/>
</kw>
<status status="PASS" starttime="20220809 16:55:34.327" endtime="20220809 16:55:34.713"/>
</kw>
<kw name="Verify Search Success" library="keywordgoogle">
<arg>${verify_text_1}</arg>
<arg>1</arg>
<kw name="Get Text" library="Browser">
<var>${text}</var>
<arg>xpath=(//*[@class='yuRUbf'])[${link_number}]/a/h3</arg>
<tag>Assertion</tag>
<tag>Getter</tag>
<tag>PageContent</tag>
<doc>Returns text attribute of the element found by ``selector``.</doc>
<msg timestamp="20220809 16:55:35.207" level="INFO">${text} = Robot Framework</msg>
<status status="PASS" starttime="20220809 16:55:34.715" endtime="20220809 16:55:35.207"/>
</kw>
<kw name="Should Contain" library="BuiltIn">
<arg>${text}</arg>
<arg>${Verify_text}</arg>
<doc>Fails if ``container`` does not contain ``item`` one or more times.</doc>
<status status="PASS" starttime="20220809 16:55:35.208" endtime="20220809 16:55:35.208"/>
</kw>
<status status="PASS" starttime="20220809 16:55:34.714" endtime="20220809 16:55:35.208"/>
</kw>
<kw name="Click link" library="keywordgoogle">
<var>${get_url_href}</var>
<arg>3</arg>
<kw name="Get Attribute" library="Browser">
<var>${get_url_href}</var>
<arg>xpath=(//*[@class='yuRUbf'])[${link_number}]/a</arg>
<arg>href</arg>
<tag>Assertion</tag>
<tag>Getter</tag>
<tag>PageContent</tag>
<doc>Returns the HTML ``attribute`` of the element found by ``selector``.</doc>
<msg timestamp="20220809 16:55:35.232" level="INFO">${get_url_href} = https://th.jobsdb.com/th/th/search-jobs/robot-framework/1</msg>
<status status="PASS" starttime="20220809 16:55:35.209" endtime="20220809 16:55:35.232"/>
</kw>
<kw name="Click" library="Browser">
<arg>xpath=(//*[@class='yuRUbf'])[${link_number}]/a/h3</arg>
<tag>PageContent</tag>
<tag>Setter</tag>
<doc>Simulates mouse click on the element found by ``selector``.</doc>
<status status="PASS" starttime="20220809 16:55:35.232" endtime="20220809 16:55:35.722"/>
</kw>
<return>
<value>${get_url_href}</value>
<status status="PASS" starttime="20220809 16:55:35.722" endtime="20220809 16:55:35.722"/>
</return>
<msg timestamp="20220809 16:55:35.723" level="INFO">${get_url_href} = https://th.jobsdb.com/th/th/search-jobs/robot-framework/1</msg>
<status status="PASS" starttime="20220809 16:55:35.209" endtime="20220809 16:55:35.723"/>
</kw>
<kw name="Verify Click Link Success" library="keywordgoogle">
<arg>${get_url_href}</arg>
<kw name="Get Url" library="Browser">
<var>${get_url_page}</var>
<tag>Assertion</tag>
<tag>Getter</tag>
<tag>PageContent</tag>
<doc>Returns the current URL.</doc>
<msg timestamp="20220809 16:55:35.727" level="INFO">${get_url_page} = https://th.jobsdb.com/th/th/search-jobs/robot-framework/1</msg>
<status status="PASS" starttime="20220809 16:55:35.725" endtime="20220809 16:55:35.727"/>
</kw>
<kw name="Should Contain" library="BuiltIn">
<arg>${get_url_page}</arg>
<arg>${get_url_href}</arg>
<doc>Fails if ``container`` does not contain ``item`` one or more times.</doc>
<status status="PASS" starttime="20220809 16:55:35.727" endtime="20220809 16:55:35.727"/>
</kw>
<status status="PASS" starttime="20220809 16:55:35.724" endtime="20220809 16:55:35.727"/>
</kw>
<tag>Click</tag>
<tag>Search</tag>
<status status="PASS" starttime="20220809 16:55:31.802" endtime="20220809 16:55:35.728"/>
</test>
<test id="s1-t4" name="Search_1_1_004" line="31">
<kw name="Open Web Browser Google Web" library="keywordgoogle">
<kw name="Open Browser" library="Browser">
<arg>${google_url}</arg>
<arg>${browser}</arg>
<tag>BrowserControl</tag>
<tag>Setter</tag>
<doc>Opens a new browser instance. Use this keyword for quick experiments or debugging sessions.
Use `New Page` directly instead of `Open Browser` for production and automated execution.
See `Browser, Context and Page` for more information about Browser and related concepts.</doc>
<msg timestamp="20220809 16:55:35.823" level="WARN">Open Browser is for quick experimentation and debugging only. Use New Page for production.</msg>
<msg timestamp="20220809 16:55:35.825" level="INFO">{"browser": "chromium", "headless": false, "handleSIGINT": true, "handleSIGTERM": true, "handleSIGHUP": true, "timeout": 30000.0, "devtools": false, "slowMo": 0.0, "tracesDir": "D:\\google_search\\TestSuites\\Results\\browser\\traces\\a449155b-69f1-4274-a5ce-690d034e31f6"}</msg>
<msg timestamp="20220809 16:55:36.602" level="INFO">Successfully created browser with options: {"browser":"chromium","headless":false,"handleSIGINT":true,"handleSIGTERM":true,"handleSIGHUP":true,"timeout":30000,"devtools":false,"slowMo":0,"tracesDir":"D:\\google_search\\TestSuites\\Results\\browser\\traces\\a449155b-69f1-4274-a5ce-690d034e31f6"}</msg>
<msg timestamp="20220809 16:55:36.603" level="INFO">{"acceptDownloads": true, "ignoreHTTPSErrors": false, "bypassCSP": true, "deviceScaleFactor": 1.0, "isMobile": false, "hasTouch": false, "javaScriptEnabled": true, "offline": false, "hideRfBrowser": false, "reducedMotion": "no-preference", "forcedColors": "none"}</msg>
<msg timestamp="20220809 16:55:36.629" level="INFO">Successfully created context. </msg>
<msg timestamp="20220809 16:55:36.629" level="INFO">{'acceptDownloads': True, 'ignoreHTTPSErrors': False, 'bypassCSP': True, 'deviceScaleFactor': 1, 'isMobile': False, 'hasTouch': False, 'javaScriptEnabled': True, 'offline': False, 'hideRfBrowser': False, 'reducedMotion': 'no-preference', 'forcedColors': 'none'}</msg>
<msg timestamp="20220809 16:55:38.181" level="INFO">Successfully initialized new page object and opened url: https://www.google.com/</msg>
<status status="PASS" starttime="20220809 16:55:35.823" endtime="20220809 16:55:38.181"/>
</kw>
<status status="PASS" starttime="20220809 16:55:35.821" endtime="20220809 16:55:38.182"/>
</kw>
<kw name="Input Search Keywords" library="keywordgoogle">
<arg>${search_text_1}</arg>
<kw name="Fill Text" library="Browser">
<arg>${input_search_path}</arg>
<arg>${search_text}</arg>
<tag>PageContent</tag>
<tag>Setter</tag>
<doc>Clears and fills the given ``txt`` into the text field found by ``selector``.</doc>
<msg timestamp="20220809 16:55:38.184" level="INFO">Fills the text 'Robot Framework' in the given field.</msg>
<status status="PASS" starttime="20220809 16:55:38.184" endtime="20220809 16:55:38.242"/>
</kw>
<status status="PASS" starttime="20220809 16:55:38.183" endtime="20220809 16:55:38.243"/>
</kw>
<kw name="Click Google Search Button" library="keywordgoogle">
<kw name="Click" library="Browser">
<arg>${click_search_button_path}</arg>
<tag>PageContent</tag>
<tag>Setter</tag>
<doc>Simulates mouse click on the element found by ``selector``.</doc>
<status status="PASS" starttime="20220809 16:55:38.244" endtime="20220809 16:55:38.540"/>
</kw>
<status status="PASS" starttime="20220809 16:55:38.244" endtime="20220809 16:55:38.541"/>
</kw>
<kw name="Verify Search Success" library="keywordgoogle">
<arg>${verify_text_1}</arg>
<arg>1</arg>
<kw name="Get Text" library="Browser">
<var>${text}</var>
<arg>xpath=(//*[@class='yuRUbf'])[${link_number}]/a/h3</arg>
<tag>Assertion</tag>
<tag>Getter</tag>
<tag>PageContent</tag>
<doc>Returns text attribute of the element found by ``selector``.</doc>
<msg timestamp="20220809 16:55:39.045" level="INFO">${text} = Robot Framework</msg>
<status status="PASS" starttime="20220809 16:55:38.542" endtime="20220809 16:55:39.045"/>
</kw>
<kw name="Should Contain" library="BuiltIn">
<arg>${text}</arg>
<arg>${Verify_text}</arg>
<doc>Fails if ``container`` does not contain ``item`` one or more times.</doc>
<status status="PASS" starttime="20220809 16:55:39.045" endtime="20220809 16:55:39.045"/>
</kw>
<status status="PASS" starttime="20220809 16:55:38.541" endtime="20220809 16:55:39.045"/>
</kw>
<kw name="Click And Verify Link 3 4 5" library="keywordgoogle">
<for flavor="IN RANGE">
<var>${index}</var>
<value>3</value>
<value>6</value>
<iter>
<var name="${index}">3</var>
<kw name="Get Attribute" library="Browser">
<var>${get_url_href}</var>
<arg>xpath=(//*[@class='yuRUbf'])[${index}]/a</arg>
<arg>href</arg>
<tag>Assertion</tag>
<tag>Getter</tag>
<tag>PageContent</tag>
<doc>Returns the HTML ``attribute`` of the element found by ``selector``.</doc>
<msg timestamp="20220809 16:55:39.070" level="INFO">${get_url_href} = https://th.jobsdb.com/th/th/search-jobs/robot-framework/1</msg>
<status status="PASS" starttime="20220809 16:55:39.047" endtime="20220809 16:55:39.070"/>
</kw>
<kw name="Click" library="Browser">
<arg>xpath=(//*[@class='yuRUbf'])[${index}]/a/h3</arg>
<tag>PageContent</tag>
<tag>Setter</tag>
<doc>Simulates mouse click on the element found by ``selector``.</doc>
<status status="PASS" starttime="20220809 16:55:39.070" endtime="20220809 16:55:39.494"/>
</kw>
<kw name="Get Url" library="Browser">
<var>${get_url_page}</var>
<tag>Assertion</tag>
<tag>Getter</tag>
<tag>PageContent</tag>
<doc>Returns the current URL.</doc>
<msg timestamp="20220809 16:55:39.497" level="INFO">${get_url_page} = https://th.jobsdb.com/th/th/search-jobs/robot-framework/1</msg>
<status status="PASS" starttime="20220809 16:55:39.495" endtime="20220809 16:55:39.497"/>
</kw>
<kw name="Should Contain" library="BuiltIn">
<arg>${get_url_page}</arg>
<arg>${get_url_href}</arg>
<doc>Fails if ``container`` does not contain ``item`` one or more times.</doc>
<status status="PASS" starttime="20220809 16:55:39.498" endtime="20220809 16:55:39.498"/>
</kw>
<kw name="Go Back" library="Browser">
<tag>BrowserControl</tag>
<tag>Setter</tag>
<doc>Navigates to the previous page in history.</doc>
<msg timestamp="20220809 16:55:41.336" level="INFO">Did Go Back</msg>
<status status="PASS" starttime="20220809 16:55:39.498" endtime="20220809 16:55:41.336"/>
</kw>
<status status="PASS" starttime="20220809 16:55:39.046" endtime="20220809 16:55:41.336"/>
</iter>
<iter>
<var name="${index}">4</var>
<kw name="Get Attribute" library="Browser">
<var>${get_url_href}</var>
<arg>xpath=(//*[@class='yuRUbf'])[${index}]/a</arg>
<arg>href</arg>
<tag>Assertion</tag>
<tag>Getter</tag>
<tag>PageContent</tag>
<doc>Returns the HTML ``attribute`` of the element found by ``selector``.</doc>
<msg timestamp="20220809 16:55:41.379" level="INFO">${get_url_href} = https://www.somkiat.cc/robot-framework-5/</msg>
<status status="PASS" starttime="20220809 16:55:41.337" endtime="20220809 16:55:41.379"/>
</kw>
<kw name="Click" library="Browser">
<arg>xpath=(//*[@class='yuRUbf'])[${index}]/a/h3</arg>
<tag>PageContent</tag>
<tag>Setter</tag>
<doc>Simulates mouse click on the element found by ``selector``.</doc>
<status status="PASS" starttime="20220809 16:55:41.379" endtime="20220809 16:55:41.718"/>
</kw>
<kw name="Get Url" library="Browser">
<var>${get_url_page}</var>
<tag>Assertion</tag>
<tag>Getter</tag>
<tag>PageContent</tag>
<doc>Returns the current URL.</doc>
<msg timestamp="20220809 16:55:41.721" level="INFO">${get_url_page} = https://www.somkiat.cc/robot-framework-5/</msg>
<status status="PASS" starttime="20220809 16:55:41.718" endtime="20220809 16:55:41.722"/>
</kw>
<kw name="Should Contain" library="BuiltIn">
<arg>${get_url_page}</arg>
<arg>${get_url_href}</arg>
<doc>Fails if ``container`` does not contain ``item`` one or more times.</doc>
<status status="PASS" starttime="20220809 16:55:41.722" endtime="20220809 16:55:41.723"/>
</kw>
<kw name="Go Back" library="Browser">
<tag>BrowserControl</tag>
<tag>Setter</tag>
<doc>Navigates to the previous page in history.</doc>
<msg timestamp="20220809 16:55:42.632" level="INFO">Did Go Back</msg>
<status status="PASS" starttime="20220809 16:55:41.723" endtime="20220809 16:55:42.632"/>
</kw>
<status status="PASS" starttime="20220809 16:55:41.336" endtime="20220809 16:55:42.632"/>
</iter>
<iter>
<var name="${index}">5</var>
<kw name="Get Attribute" library="Browser">
<var>${get_url_href}</var>
<arg>xpath=(//*[@class='yuRUbf'])[${index}]/a</arg>
<arg>href</arg>
<tag>Assertion</tag>
<tag>Getter</tag>
<tag>PageContent</tag>
<doc>Returns the HTML ``attribute`` of the element found by ``selector``.</doc>
<msg timestamp="20220809 16:55:42.686" level="INFO">${get_url_href} = https://www.stream.co.th/%E0%B8%A1%E0%B8%B2%E0%B8%97%E0%B8%B3%E0%B8%84%E0%B8%A7%E0%B8%B2%E0%B8%A1%E0%B8%A3%E0%B8%B9%E0%B9%89%E0%B8%88%E0%B8%B1%E0%B8%81%E0%B8%81%E0%B8%B1%E0%B8%9A-robot-framework-%E0%B...</msg>
<status status="PASS" starttime="20220809 16:55:42.634" endtime="20220809 16:55:42.686"/>
</kw>
<kw name="Click" library="Browser">
<arg>xpath=(//*[@class='yuRUbf'])[${index}]/a/h3</arg>
<tag>PageContent</tag>
<tag>Setter</tag>
<doc>Simulates mouse click on the element found by ``selector``.</doc>
<status status="PASS" starttime="20220809 16:55:42.686" endtime="20220809 16:55:43.560"/>
</kw>
<kw name="Get Url" library="Browser">
<var>${get_url_page}</var>
<tag>Assertion</tag>
<tag>Getter</tag>
<tag>PageContent</tag>
<doc>Returns the current URL.</doc>
<msg timestamp="20220809 16:55:43.564" level="INFO">${get_url_page} = https://www.stream.co.th/%E0%B8%A1%E0%B8%B2%E0%B8%97%E0%B8%B3%E0%B8%84%E0%B8%A7%E0%B8%B2%E0%B8%A1%E0%B8%A3%E0%B8%B9%E0%B9%89%E0%B8%88%E0%B8%B1%E0%B8%81%E0%B8%81%E0%B8%B1%E0%B8%9A-robot-framework-%E0%B...</msg>
<status status="PASS" starttime="20220809 16:55:43.561" endtime="20220809 16:55:43.564"/>
</kw>
<kw name="Should Contain" library="BuiltIn">
<arg>${get_url_page}</arg>
<arg>${get_url_href}</arg>
<doc>Fails if ``container`` does not contain ``item`` one or more times.</doc>
<status status="PASS" starttime="20220809 16:55:43.565" endtime="20220809 16:55:43.566"/>
</kw>
<kw name="Go Back" library="Browser">
<tag>BrowserControl</tag>
<tag>Setter</tag>
<doc>Navigates to the previous page in history.</doc>
<msg timestamp="20220809 16:55:44.258" level="INFO">Did Go Back</msg>
<status status="PASS" starttime="20220809 16:55:43.566" endtime="20220809 16:55:44.259"/>
</kw>
<status status="PASS" starttime="20220809 16:55:42.632" endtime="20220809 16:55:44.259"/>
</iter>
<status status="PASS" starttime="20220809 16:55:39.046" endtime="20220809 16:55:44.259"/>
</for>
<status status="PASS" starttime="20220809 16:55:39.046" endtime="20220809 16:55:44.259"/>
</kw>
<tag>Search</tag>
<status status="PASS" starttime="20220809 16:55:35.818" endtime="20220809 16:55:44.260"/>
</test>
<test id="s1-t5" name="Search_1_1_005" line="39">
<kw name="Open Web Browser Google Web" library="keywordgoogle">
<kw name="Open Browser" library="Browser">
<arg>${google_url}</arg>
<arg>${browser}</arg>
<tag>BrowserControl</tag>
<tag>Setter</tag>
<doc>Opens a new browser instance. Use this keyword for quick experiments or debugging sessions.
Use `New Page` directly instead of `Open Browser` for production and automated execution.
See `Browser, Context and Page` for more information about Browser and related concepts.</doc>
<msg timestamp="20220809 16:55:44.400" level="WARN">Open Browser is for quick experimentation and debugging only. Use New Page for production.</msg>
<msg timestamp="20220809 16:55:44.409" level="INFO">{"browser": "chromium", "headless": false, "handleSIGINT": true, "handleSIGTERM": true, "handleSIGHUP": true, "timeout": 30000.0, "devtools": false, "slowMo": 0.0, "tracesDir": "D:\\google_search\\TestSuites\\Results\\browser\\traces\\c08e94d5-1538-44d6-8518-a6befcaa38ec"}</msg>
<msg timestamp="20220809 16:55:45.132" level="INFO">Successfully created browser with options: {"browser":"chromium","headless":false,"handleSIGINT":true,"handleSIGTERM":true,"handleSIGHUP":true,"timeout":30000,"devtools":false,"slowMo":0,"tracesDir":"D:\\google_search\\TestSuites\\Results\\browser\\traces\\c08e94d5-1538-44d6-8518-a6befcaa38ec"}</msg>
<msg timestamp="20220809 16:55:45.133" level="INFO">{"acceptDownloads": true, "ignoreHTTPSErrors": false, "bypassCSP": true, "deviceScaleFactor": 1.0, "isMobile": false, "hasTouch": false, "javaScriptEnabled": true, "offline": false, "hideRfBrowser": false, "reducedMotion": "no-preference", "forcedColors": "none"}</msg>
<msg timestamp="20220809 16:55:45.170" level="INFO">Successfully created context. </msg>
<msg timestamp="20220809 16:55:45.170" level="INFO">{'acceptDownloads': True, 'ignoreHTTPSErrors': False, 'bypassCSP': True, 'deviceScaleFactor': 1, 'isMobile': False, 'hasTouch': False, 'javaScriptEnabled': True, 'offline': False, 'hideRfBrowser': False, 'reducedMotion': 'no-preference', 'forcedColors': 'none'}</msg>
<msg timestamp="20220809 16:55:46.586" level="INFO">Successfully initialized new page object and opened url: https://www.google.com/</msg>
<status status="PASS" starttime="20220809 16:55:44.399" endtime="20220809 16:55:46.587"/>
</kw>
<status status="PASS" starttime="20220809 16:55:44.398" endtime="20220809 16:55:46.587"/>
</kw>
<kw name="Input Search Keywords" library="keywordgoogle">
<arg>${search_text_1}</arg>
<kw name="Fill Text" library="Browser">
<arg>${input_search_path}</arg>
<arg>${search_text}</arg>
<tag>PageContent</tag>
<tag>Setter</tag>
<doc>Clears and fills the given ``txt`` into the text field found by ``selector``.</doc>
<msg timestamp="20220809 16:55:46.589" level="INFO">Fills the text 'Robot Framework' in the given field.</msg>
<status status="PASS" starttime="20220809 16:55:46.588" endtime="20220809 16:55:46.664"/>
</kw>
<status status="PASS" starttime="20220809 16:55:46.588" endtime="20220809 16:55:46.664"/>
</kw>
<kw name="Click Google Search Button" library="keywordgoogle">
<kw name="Click" library="Browser">
<arg>${click_search_button_path}</arg>
<tag>PageContent</tag>
<tag>Setter</tag>
<doc>Simulates mouse click on the element found by ``selector``.</doc>
<status status="PASS" starttime="20220809 16:55:46.670" endtime="20220809 16:55:47.048"/>
</kw>
<status status="PASS" starttime="20220809 16:55:46.669" endtime="20220809 16:55:47.048"/>
</kw>
<kw name="Verify Search Success" library="keywordgoogle">
<arg>${verify_text_1}</arg>
<arg>1</arg>
<kw name="Get Text" library="Browser">
<var>${text}</var>
<arg>xpath=(//*[@class='yuRUbf'])[${link_number}]/a/h3</arg>
<tag>Assertion</tag>
<tag>Getter</tag>
<tag>PageContent</tag>
<doc>Returns text attribute of the element found by ``selector``.</doc>
<msg timestamp="20220809 16:55:47.590" level="INFO">${text} = Robot Framework</msg>
<status status="PASS" starttime="20220809 16:55:47.050" endtime="20220809 16:55:47.590"/>
</kw>
<kw name="Should Contain" library="BuiltIn">
<arg>${text}</arg>
<arg>${Verify_text}</arg>
<doc>Fails if ``container`` does not contain ``item`` one or more times.</doc>
<status status="PASS" starttime="20220809 16:55:47.590" endtime="20220809 16:55:47.591"/>
</kw>
<status status="PASS" starttime="20220809 16:55:47.049" endtime="20220809 16:55:47.591"/>
</kw>
<kw name="Click And Verify Link 3 5" library="keywordgoogle">
<for flavor="IN RANGE">
<var>${index}</var>
<value>3</value>
<value>6</value>
<iter>
<var name="${index}">3</var>
<kw name="Continue For Loop If" library="BuiltIn">
<arg>${index}==4</arg>
<doc>Skips the current FOR loop iteration if the ``condition`` is true.</doc>
<status status="PASS" starttime="20220809 16:55:47.592" endtime="20220809 16:55:47.592"/>
</kw>
<kw name="Get Attribute" library="Browser">
<var>${get_url_href}</var>
<arg>xpath=(//*[@class='yuRUbf'])[${index}]/a</arg>
<arg>href</arg>
<tag>Assertion</tag>
<tag>Getter</tag>
<tag>PageContent</tag>
<doc>Returns the HTML ``attribute`` of the element found by ``selector``.</doc>
<msg timestamp="20220809 16:55:47.615" level="INFO">${get_url_href} = https://th.jobsdb.com/th/th/search-jobs/robot-framework/1</msg>
<status status="PASS" starttime="20220809 16:55:47.592" endtime="20220809 16:55:47.615"/>
</kw>
<kw name="Click" library="Browser">
<arg>xpath=(//*[@class='yuRUbf'])[${index}]/a/h3</arg>
<tag>PageContent</tag>
<tag>Setter</tag>
<doc>Simulates mouse click on the element found by ``selector``.</doc>
<status status="PASS" starttime="20220809 16:55:47.615" endtime="20220809 16:55:48.012"/>
</kw>
<kw name="Get Url" library="Browser">
<var>${get_url_page}</var>
<tag>Assertion</tag>
<tag>Getter</tag>
<tag>PageContent</tag>
<doc>Returns the current URL.</doc>
<msg timestamp="20220809 16:55:48.015" level="INFO">${get_url_page} = https://th.jobsdb.com/th/th/search-jobs/robot-framework/1</msg>
<status status="PASS" starttime="20220809 16:55:48.012" endtime="20220809 16:55:48.015"/>
</kw>
<kw name="Should Contain" library="BuiltIn">
<arg>${get_url_page}</arg>
<arg>${get_url_href}</arg>
<doc>Fails if ``container`` does not contain ``item`` one or more times.</doc>
<status status="PASS" starttime="20220809 16:55:48.016" endtime="20220809 16:55:48.016"/>
</kw>
<kw name="Go Back" library="Browser">
<tag>BrowserControl</tag>
<tag>Setter</tag>
<doc>Navigates to the previous page in history.</doc>
<msg timestamp="20220809 16:55:48.851" level="INFO">Did Go Back</msg>
<status status="PASS" starttime="20220809 16:55:48.016" endtime="20220809 16:55:48.851"/>
</kw>
<status status="PASS" starttime="20220809 16:55:47.592" endtime="20220809 16:55:48.851"/>
</iter>
<iter>
<var name="${index}">4</var>
<kw name="Continue For Loop If" library="BuiltIn">
<arg>${index}==4</arg>
<doc>Skips the current FOR loop iteration if the ``condition`` is true.</doc>
<msg timestamp="20220809 16:55:48.852" level="INFO">Continuing for loop from the next iteration.</msg>
<status status="PASS" starttime="20220809 16:55:48.852" endtime="20220809 16:55:48.854"/>
</kw>
<kw name="Get Attribute" library="Browser">
<var>${get_url_href}</var>
<arg>xpath=(//*[@class='yuRUbf'])[${index}]/a</arg>
<arg>href</arg>
<tag>Assertion</tag>
<tag>Getter</tag>
<tag>PageContent</tag>
<doc>Returns the HTML ``attribute`` of the element found by ``selector``.</doc>
<status status="NOT RUN" starttime="20220809 16:55:48.854" endtime="20220809 16:55:48.855"/>
</kw>
<kw name="Click" library="Browser">
<arg>xpath=(//*[@class='yuRUbf'])[${index}]/a/h3</arg>
<tag>PageContent</tag>
<tag>Setter</tag>
<doc>Simulates mouse click on the element found by ``selector``.</doc>
<status status="NOT RUN" starttime="20220809 16:55:48.856" endtime="20220809 16:55:48.856"/>
</kw>
<kw name="Get Url" library="Browser">
<var>${get_url_page}</var>
<tag>Assertion</tag>
<tag>Getter</tag>
<tag>PageContent</tag>
<doc>Returns the current URL.</doc>
<status status="NOT RUN" starttime="20220809 16:55:48.856" endtime="20220809 16:55:48.856"/>
</kw>
<kw name="Should Contain" library="BuiltIn">
<arg>${get_url_page}</arg>
<arg>${get_url_href}</arg>
<doc>Fails if ``container`` does not contain ``item`` one or more times.</doc>
<status status="NOT RUN" starttime="20220809 16:55:48.856" endtime="20220809 16:55:48.856"/>
</kw>
<kw name="Go Back" library="Browser">
<tag>BrowserControl</tag>
<tag>Setter</tag>
<doc>Navigates to the previous page in history.</doc>
<status status="NOT RUN" starttime="20220809 16:55:48.857" endtime="20220809 16:55:48.857"/>
</kw>
<status status="PASS" starttime="20220809 16:55:48.851" endtime="20220809 16:55:48.857"/>
</iter>
<iter>
<var name="${index}">5</var>
<kw name="Continue For Loop If" library="BuiltIn">
<arg>${index}==4</arg>
<doc>Skips the current FOR loop iteration if the ``condition`` is true.</doc>
<status status="PASS" starttime="20220809 16:55:48.858" endtime="20220809 16:55:48.858"/>
</kw>
<kw name="Get Attribute" library="Browser">
<var>${get_url_href}</var>
<arg>xpath=(//*[@class='yuRUbf'])[${index}]/a</arg>
<arg>href</arg>
<tag>Assertion</tag>
<tag>Getter</tag>
<tag>PageContent</tag>
<doc>Returns the HTML ``attribute`` of the element found by ``selector``.</doc>
<msg timestamp="20220809 16:55:48.905" level="INFO">${get_url_href} = https://www.stream.co.th/%E0%B8%A1%E0%B8%B2%E0%B8%97%E0%B8%B3%E0%B8%84%E0%B8%A7%E0%B8%B2%E0%B8%A1%E0%B8%A3%E0%B8%B9%E0%B9%89%E0%B8%88%E0%B8%B1%E0%B8%81%E0%B8%81%E0%B8%B1%E0%B8%9A-robot-framework-%E0%B...</msg>
<status status="PASS" starttime="20220809 16:55:48.859" endtime="20220809 16:55:48.905"/>
</kw>
<kw name="Click" library="Browser">
<arg>xpath=(//*[@class='yuRUbf'])[${index}]/a/h3</arg>
<tag>PageContent</tag>
<tag>Setter</tag>
<doc>Simulates mouse click on the element found by ``selector``.</doc>
<status status="PASS" starttime="20220809 16:55:48.905" endtime="20220809 16:55:49.729"/>
</kw>
<kw name="Get Url" library="Browser">
<var>${get_url_page}</var>
<tag>Assertion</tag>
<tag>Getter</tag>
<tag>PageContent</tag>
<doc>Returns the current URL.</doc>
<msg timestamp="20220809 16:55:49.734" level="INFO">${get_url_page} = https://www.stream.co.th/%E0%B8%A1%E0%B8%B2%E0%B8%97%E0%B8%B3%E0%B8%84%E0%B8%A7%E0%B8%B2%E0%B8%A1%E0%B8%A3%E0%B8%B9%E0%B9%89%E0%B8%88%E0%B8%B1%E0%B8%81%E0%B8%81%E0%B8%B1%E0%B8%9A-robot-framework-%E0%B...</msg>
<status status="PASS" starttime="20220809 16:55:49.730" endtime="20220809 16:55:49.734"/>
</kw>
<kw name="Should Contain" library="BuiltIn">
<arg>${get_url_page}</arg>
<arg>${get_url_href}</arg>
<doc>Fails if ``container`` does not contain ``item`` one or more times.</doc>
<status status="PASS" starttime="20220809 16:55:49.734" endtime="20220809 16:55:49.735"/>
</kw>
<kw name="Go Back" library="Browser">
<tag>BrowserControl</tag>
<tag>Setter</tag>
<doc>Navigates to the previous page in history.</doc>
<msg timestamp="20220809 16:55:50.714" level="INFO">Did Go Back</msg>
<status status="PASS" starttime="20220809 16:55:49.735" endtime="20220809 16:55:50.714"/>
</kw>
<status status="PASS" starttime="20220809 16:55:48.857" endtime="20220809 16:55:50.714"/>
</iter>
<status status="PASS" starttime="20220809 16:55:47.591" endtime="20220809 16:55:50.714"/>
</for>
<status status="PASS" starttime="20220809 16:55:47.591" endtime="20220809 16:55:50.714"/>
</kw>
<tag>Search</tag>
<status status="PASS" starttime="20220809 16:55:44.394" endtime="20220809 16:55:50.715"/>
</test>
<test id="s1-t6" name="Search_1_1_006" line="47">
<kw name="Open Web Browser Google Web" library="keywordgoogle">
<kw name="Open Browser" library="Browser">
<arg>${google_url}</arg>
<arg>${browser}</arg>
<tag>BrowserControl</tag>
<tag>Setter</tag>
<doc>Opens a new browser instance. Use this keyword for quick experiments or debugging sessions.
Use `New Page` directly instead of `Open Browser` for production and automated execution.
See `Browser, Context and Page` for more information about Browser and related concepts.</doc>
<msg timestamp="20220809 16:55:50.810" level="WARN">Open Browser is for quick experimentation and debugging only. Use New Page for production.</msg>
<msg timestamp="20220809 16:55:50.812" level="INFO">{"browser": "chromium", "headless": false, "handleSIGINT": true, "handleSIGTERM": true, "handleSIGHUP": true, "timeout": 30000.0, "devtools": false, "slowMo": 0.0, "tracesDir": "D:\\google_search\\TestSuites\\Results\\browser\\traces\\31010f66-455e-4635-a0d6-76e1ec2be2f1"}</msg>
<msg timestamp="20220809 16:55:51.535" level="INFO">Successfully created browser with options: {"browser":"chromium","headless":false,"handleSIGINT":true,"handleSIGTERM":true,"handleSIGHUP":true,"timeout":30000,"devtools":false,"slowMo":0,"tracesDir":"D:\\google_search\\TestSuites\\Results\\browser\\traces\\31010f66-455e-4635-a0d6-76e1ec2be2f1"}</msg>
<msg timestamp="20220809 16:55:51.536" level="INFO">{"acceptDownloads": true, "ignoreHTTPSErrors": false, "bypassCSP": true, "deviceScaleFactor": 1.0, "isMobile": false, "hasTouch": false, "javaScriptEnabled": true, "offline": false, "hideRfBrowser": false, "reducedMotion": "no-preference", "forcedColors": "none"}</msg>
<msg timestamp="20220809 16:55:51.566" level="INFO">Successfully created context. </msg>
<msg timestamp="20220809 16:55:51.566" level="INFO">{'acceptDownloads': True, 'ignoreHTTPSErrors': False, 'bypassCSP': True, 'deviceScaleFactor': 1, 'isMobile': False, 'hasTouch': False, 'javaScriptEnabled': True, 'offline': False, 'hideRfBrowser': False, 'reducedMotion': 'no-preference', 'forcedColors': 'none'}</msg>
<msg timestamp="20220809 16:55:53.195" level="INFO">Successfully initialized new page object and opened url: https://www.google.com/</msg>
<status status="PASS" starttime="20220809 16:55:50.809" endtime="20220809 16:55:53.195"/>
</kw>
<status status="PASS" starttime="20220809 16:55:50.808" endtime="20220809 16:55:53.195"/>
</kw>
<kw name="Input Search Keywords" library="keywordgoogle">
<arg>${search_text}</arg>
<kw name="Fill Text" library="Browser">
<arg>${input_search_path}</arg>
<arg>${search_text}</arg>
<tag>PageContent</tag>
<tag>Setter</tag>
<doc>Clears and fills the given ``txt`` into the text field found by ``selector``.</doc>
<msg timestamp="20220809 16:55:53.197" level="INFO">Fills the text 'jackson wang history' in the given field.</msg>
<status status="PASS" starttime="20220809 16:55:53.197" endtime="20220809 16:55:53.255"/>
</kw>
<status status="PASS" starttime="20220809 16:55:53.196" endtime="20220809 16:55:53.255"/>
</kw>
<kw name="Click Google Search Button" library="keywordgoogle">
<kw name="Click" library="Browser">
<arg>${click_search_button_path}</arg>
<tag>PageContent</tag>
<tag>Setter</tag>
<doc>Simulates mouse click on the element found by ``selector``.</doc>
<status status="PASS" starttime="20220809 16:55:53.256" endtime="20220809 16:55:53.635"/>
</kw>
<status status="PASS" starttime="20220809 16:55:53.256" endtime="20220809 16:55:53.635"/>
</kw>
<kw name="Verify Search Success" library="keywordgoogle">
<arg>${verify_text}</arg>
<arg>1</arg>
<kw name="Get Text" library="Browser">
<var>${text}</var>
<arg>xpath=(//*[@class='yuRUbf'])[${link_number}]/a/h3</arg>
<tag>Assertion</tag>
<tag>Getter</tag>
<tag>PageContent</tag>
<doc>Returns text attribute of the element found by ``selector``.</doc>
<msg timestamp="20220809 16:55:54.418" level="INFO">${text} = Jackson Wang - Wikipedia</msg>
<status status="PASS" starttime="20220809 16:55:53.637" endtime="20220809 16:55:54.418"/>
</kw>
<kw name="Should Contain" library="BuiltIn">
<arg>${text}</arg>
<arg>${Verify_text}</arg>
<doc>Fails if ``container`` does not contain ``item`` one or more times.</doc>
<status status="PASS" starttime="20220809 16:55:54.418" endtime="20220809 16:55:54.419"/>
</kw>
<status status="PASS" starttime="20220809 16:55:53.636" endtime="20220809 16:55:54.419"/>
</kw>
<kw name="Click Go back Button" library="keywordgoogle">
<kw name="Go Back" library="Browser">
<tag>BrowserControl</tag>
<tag>Setter</tag>
<doc>Navigates to the previous page in history.</doc>
<msg timestamp="20220809 16:55:55.160" level="INFO">Did Go Back</msg>
<status status="PASS" starttime="20220809 16:55:54.420" endtime="20220809 16:55:55.160"/>
</kw>
<status status="PASS" starttime="20220809 16:55:54.420" endtime="20220809 16:55:55.160"/>
</kw>
<tag>Search</tag>
<status status="PASS" starttime="20220809 16:55:50.803" endtime="20220809 16:55:55.161"/>
</test>
<status status="PASS" starttime="20220809 16:55:23.668" endtime="20220809 16:55:55.273"/>
</suite>
<statistics>
<total>
<stat pass="6" fail="0" skip="0">All Tests</stat>
</total>
<tag>
<stat pass="1" fail="0" skip="0">Click</stat>
<stat pass="1" fail="0" skip="0">On_hold</stat>
<stat pass="6" fail="0" skip="0">Search</stat>
<stat pass="1" fail="0" skip="0">Web</stat>
</tag>
<suite>
<stat pass="6" fail="0" skip="0" id="s1" name="Google">Google</stat>
</suite>
</statistics>
<errors>
<msg timestamp="20220809 16:55:25.012" level="WARN">Open Browser is for quick experimentation and debugging only. Use New Page for production.</msg>
<msg timestamp="20220809 16:55:28.343" level="WARN">Open Browser is for quick experimentation and debugging only. Use New Page for production.</msg>
<msg timestamp="20220809 16:55:31.808" level="WARN">Open Browser is for quick experimentation and debugging only. Use New Page for production.</msg>
<msg timestamp="20220809 16:55:35.823" level="WARN">Open Browser is for quick experimentation and debugging only. Use New Page for production.</msg>
<msg timestamp="20220809 16:55:44.400" level="WARN">Open Browser is for quick experimentation and debugging only. Use New Page for production.</msg>
<msg timestamp="20220809 16:55:50.810" level="WARN">Open Browser is for quick experimentation and debugging only. Use New Page for production.</msg>
</errors>
</robot>
