<?xml version="1.0" encoding="UTF-8"?>
<robot generator="Robot 5.0.1 (Python 3.10.6 on win32)" generated="20220809 22:47:21.196" rpa="false" schemaversion="3">
<suite id="s1" name="Google" source="D:\google_search\TestSuites\Google.robot">
<test id="s1-t1" name="Search_1_1_007" line="56">
<kw name="Open Web Browser Google Web" library="keywordgoogle">
<kw name="Open Browser" library="Browser">
<arg>${google_url}</arg>
<arg>${browser}</arg>
<tag>BrowserControl</tag>
<tag>Setter</tag>
<doc>Opens a new browser instance. Use this keyword for quick experiments or debugging sessions.
Use `New Page` directly instead of `Open Browser` for production and automated execution.
See `Browser, Context and Page` for more information about Browser and related concepts.</doc>
<msg timestamp="20220809 22:47:22.698" level="WARN">Open Browser is for quick experimentation and debugging only. Use New Page for production.</msg>
<msg timestamp="20220809 22:47:22.699" level="INFO">{"browser": "chromium", "headless": false, "handleSIGINT": true, "handleSIGTERM": true, "handleSIGHUP": true, "timeout": 30000.0, "devtools": false, "slowMo": 0.0, "tracesDir": "D:\\google_search\\TestSuites\\Results\\browser\\traces\\6eea1b2d-15a0-460a-8c55-b24e0a595892"}</msg>
<msg timestamp="20220809 22:47:23.453" level="INFO">Successfully created browser with options: {"browser":"chromium","headless":false,"handleSIGINT":true,"handleSIGTERM":true,"handleSIGHUP":true,"timeout":30000,"devtools":false,"slowMo":0,"tracesDir":"D:\\google_search\\TestSuites\\Results\\browser\\traces\\6eea1b2d-15a0-460a-8c55-b24e0a595892"}</msg>
<msg timestamp="20220809 22:47:23.454" level="INFO">{"acceptDownloads": true, "ignoreHTTPSErrors": false, "bypassCSP": true, "deviceScaleFactor": 1.0, "isMobile": false, "hasTouch": false, "javaScriptEnabled": true, "offline": false, "hideRfBrowser": false, "reducedMotion": "no-preference", "forcedColors": "none"}</msg>
<msg timestamp="20220809 22:47:23.504" level="INFO">Successfully created context. </msg>
<msg timestamp="20220809 22:47:23.504" level="INFO">{'acceptDownloads': True, 'ignoreHTTPSErrors': False, 'bypassCSP': True, 'deviceScaleFactor': 1, 'isMobile': False, 'hasTouch': False, 'javaScriptEnabled': True, 'offline': False, 'hideRfBrowser': False, 'reducedMotion': 'no-preference', 'forcedColors': 'none'}</msg>
<msg timestamp="20220809 22:47:25.170" level="INFO">Successfully initialized new page object and opened url: https://www.google.com/</msg>
<status status="PASS" starttime="20220809 22:47:22.697" endtime="20220809 22:47:25.170"/>
</kw>
<status status="PASS" starttime="20220809 22:47:22.696" endtime="20220809 22:47:25.170"/>
</kw>
<kw name="Input Search Keywords" library="keywordgoogle">
<arg>${search_text_1}</arg>
<kw name="Fill Text" library="Browser">
<arg>${input_search_path}</arg>
<arg>${search_text}</arg>
<tag>PageContent</tag>
<tag>Setter</tag>
<doc>Clears and fills the given ``txt`` into the text field found by ``selector``.</doc>
<msg timestamp="20220809 22:47:25.173" level="INFO">Fills the text 'Robot Framework' in the given field.</msg>
<status status="PASS" starttime="20220809 22:47:25.172" endtime="20220809 22:47:25.260"/>
</kw>
<status status="PASS" starttime="20220809 22:47:25.171" endtime="20220809 22:47:25.260"/>
</kw>
<kw name="Click Google Search Button" library="keywordgoogle">
<kw name="Click" library="Browser">
<arg>${click_search_button_path}</arg>
<tag>PageContent</tag>
<tag>Setter</tag>
<doc>Simulates mouse click on the element found by ``selector``.</doc>
<status status="PASS" starttime="20220809 22:47:25.262" endtime="20220809 22:47:25.794"/>
</kw>
<status status="PASS" starttime="20220809 22:47:25.261" endtime="20220809 22:47:25.794"/>
</kw>
<kw name="Verify Search Success" library="keywordgoogle">
<arg>${verify_text_1}</arg>
<arg>1</arg>
<kw name="Get Text" library="Browser">
<var>${text}</var>
<arg>xpath=(//*[@class='yuRUbf'])[${link_number}]/a/h3</arg>
<tag>Assertion</tag>
<tag>Getter</tag>
<tag>PageContent</tag>
<doc>Returns text attribute of the element found by ``selector``.</doc>
<msg timestamp="20220809 22:47:26.405" level="INFO">${text} = Robot Framework</msg>
<status status="PASS" starttime="20220809 22:47:25.801" endtime="20220809 22:47:26.405"/>
</kw>
<kw name="Should Contain" library="BuiltIn">
<arg>${text}</arg>
<arg>${Verify_text}</arg>
<doc>Fails if ``container`` does not contain ``item`` one or more times.</doc>
<status status="PASS" starttime="20220809 22:47:26.405" endtime="20220809 22:47:26.406"/>
</kw>
<status status="PASS" starttime="20220809 22:47:25.799" endtime="20220809 22:47:26.406"/>
</kw>
<kw name="Click link" library="keywordgoogle">
<var>${get_url_href}</var>
<arg>6</arg>
<kw name="Get Attribute" library="Browser">
<var>${get_url_href}</var>
<arg>xpath=(//*[@class='yuRUbf'])[${link_number}]/a</arg>
<arg>href</arg>
<tag>Assertion</tag>
<tag>Getter</tag>
<tag>PageContent</tag>
<doc>Returns the HTML ``attribute`` of the element found by ``selector``.</doc>
<msg timestamp="20220809 22:47:26.446" level="INFO">${get_url_href} = https://sennalabs.com/th/blogs/robot-framework</msg>
<status status="PASS" starttime="20220809 22:47:26.407" endtime="20220809 22:47:26.446"/>
</kw>
<kw name="Click" library="Browser">
<arg>xpath=(//*[@class='yuRUbf'])[${link_number}]/a/h3</arg>
<tag>PageContent</tag>
<tag>Setter</tag>
<doc>Simulates mouse click on the element found by ``selector``.</doc>
<status status="PASS" starttime="20220809 22:47:26.447" endtime="20220809 22:47:26.775"/>
</kw>
<return>
<value>${get_url_href}</value>
<status status="PASS" starttime="20220809 22:47:26.775" endtime="20220809 22:47:26.775"/>
</return>
<msg timestamp="20220809 22:47:26.776" level="INFO">${get_url_href} = https://sennalabs.com/th/blogs/robot-framework</msg>
<status status="PASS" starttime="20220809 22:47:26.407" endtime="20220809 22:47:26.776"/>
</kw>
<kw name="Verify Click Link Success" library="keywordgoogle">
<arg>${get_url_href}</arg>
<kw name="Get Url" library="Browser">
<var>${get_url_page}</var>
<tag>Assertion</tag>
<tag>Getter</tag>
<tag>PageContent</tag>
<doc>Returns the current URL.</doc>
<msg timestamp="20220809 22:47:26.785" level="INFO">${get_url_page} = https://sennalabs.com/th/blogs/robot-framework</msg>
<status status="PASS" starttime="20220809 22:47:26.781" endtime="20220809 22:47:26.786"/>
</kw>
<kw name="Should Contain" library="BuiltIn">
<arg>${get_url_page}</arg>
<arg>${get_url_href}</arg>
<doc>Fails if ``container`` does not contain ``item`` one or more times.</doc>
<status status="PASS" starttime="20220809 22:47:26.786" endtime="20220809 22:47:26.787"/>
</kw>
<status status="PASS" starttime="20220809 22:47:26.780" endtime="20220809 22:47:26.787"/>
</kw>
<kw name="Verify text in page" library="keywordgoogle">
<arg>${verify_text_1}</arg>
<kw name="Get Text" library="Browser">
<var>${text}</var>
<arg>xpath=//body</arg>
<tag>Assertion</tag>
<tag>Getter</tag>
<tag>PageContent</tag>
<doc>Returns text attribute of the element found by ``selector``.</doc>
<msg timestamp="20220809 22:47:28.127" level="INFO">${text} = Home
Services
Case Studies
Team
Contact
Careers
Blog
ภาษาไทย
SOFTWARE DEVELOPMENT | 3 mins read
Robot Framework คืออะไร?
By Tom on 06 Jan 2021

Robot Framework คือ Test automation framework ที่ใช้ key...</msg>
<status status="PASS" starttime="20220809 22:47:26.789" endtime="20220809 22:47:28.127"/>
</kw>
<kw name="Should Contain" library="BuiltIn">
<arg>${text}</arg>
<arg>${Verify_text}</arg>
<doc>Fails if ``container`` does not contain ``item`` one or more times.</doc>
<status status="PASS" starttime="20220809 22:47:28.127" endtime="20220809 22:47:28.128"/>
</kw>
<status status="PASS" starttime="20220809 22:47:26.788" endtime="20220809 22:47:28.128"/>
</kw>
<status status="PASS" starttime="20220809 22:47:22.690" endtime="20220809 22:47:28.130"/>
</test>
<status status="PASS" starttime="20220809 22:47:21.198" endtime="20220809 22:47:28.340"/>
</suite>
<statistics>
<total>
<stat pass="1" fail="0" skip="0">All Tests</stat>
</total>
<tag>
</tag>
<suite>
<stat pass="1" fail="0" skip="0" id="s1" name="Google">Google</stat>
</suite>
</statistics>
<errors>
<msg timestamp="20220809 22:47:21.589" level="ERROR">Error in file 'D:\google_search\TestSuites\Google.robot' on line 3: Replacing variables from setting 'Resource' failed: Variable '${LANG}' not found.</msg>
<msg timestamp="20220809 22:47:22.698" level="WARN">Open Browser is for quick experimentation and debugging only. Use New Page for production.</msg>
</errors>
</robot>
